The system is: Windows - 10.0.17134 - AMD64
Compiling the C compiler identification source file "CMakeCCompilerId.c" succeeded.
Compiler: C:/Program Files (x86)/Microsoft Visual Studio/2017/Community/VC/Tools/MSVC/14.12.25827/bin/Hostx86/x86/cl.exe 
Build flags: 
Id flags:  

The output was:
0
Microsoft (R) C/C++ Optimizing Compiler Version 19.12.25835 for x86
Copyright (C) Microsoft Corporation.  All rights reserved.

CMakeCCompilerId.c
Microsoft (R) Incremental Linker Version 14.12.25835.0
Copyright (C) Microsoft Corporation.  All rights reserved.

/out:CMakeCCompilerId.exe 
CMakeCCompilerId.obj 


Compilation of the C compiler identification source "CMakeCCompilerId.c" produced "CMakeCCompilerId.exe"

Compilation of the C compiler identification source "CMakeCCompilerId.c" produced "CMakeCCompilerId.obj"

The C compiler identification is MSVC, found in "C:/Users/parke/OneDrive/Documents/GitHub/BinaryTree/cmake-build-debug/CMakeFiles/3.13.2/CompilerIdC/CMakeCCompilerId.exe"

Determining if the C compiler works passed with the following output:
Change Dir: C:/Users/parke/OneDrive/Documents/GitHub/BinaryTree/cmake-build-debug/CMakeFiles/CMakeTmp

Run Build Command:"nmake" "/nologo" "cmTC_0642b\fast"
	"C:\Program Files (x86)\Microsoft Visual Studio\2017\Community\VC\Tools\MSVC\14.12.25827\bin\HostX86\x86\nmake.exe" -f CMakeFiles\cmTC_0642b.dir\build.make /nologo -L                  CMakeFiles\cmTC_0642b.dir\build
Building C object CMakeFiles/cmTC_0642b.dir/testCCompiler.c.obj
	C:\PROGRA~2\MICROS~3\2017\COMMUN~1\VC\Tools\MSVC\1412~1.258\bin\Hostx86\x86\cl.exe @C:\Users\parke\AppData\Local\Temp\nmDB05.tmp
testCCompiler.c
Linking C executable cmTC_0642b.exe
	C:\Users\parke\AppData\Local\JetBrains\Toolbox\apps\CLion\ch-0\183.5429.37\bin\cmake\win\bin\cmake.exe -E vs_link_exe --intdir=CMakeFiles\cmTC_0642b.dir --manifests  -- C:\PROGRA~2\MICROS~3\2017\COMMUN~1\VC\Tools\MSVC\1412~1.258\bin\Hostx86\x86\link.exe /nologo @CMakeFiles\cmTC_0642b.dir\objects1.rsp @C:\Users\parke\AppData\Local\Temp\nmDBB2.tmp


Detecting C compiler ABI info compiled with the following output:
Change Dir: C:/Users/parke/OneDrive/Documents/GitHub/BinaryTree/cmake-build-debug/CMakeFiles/CMakeTmp

Run Build Command:"nmake" "/nologo" "cmTC_52831\fast"
	"C:\Program Files (x86)\Microsoft Visual Studio\2017\Community\VC\Tools\MSVC\14.12.25827\bin\HostX86\x86\nmake.exe" -f CMakeFiles\cmTC_52831.dir\build.make /nologo -L                  CMakeFiles\cmTC_52831.dir\build
Building C object CMakeFiles/cmTC_52831.dir/CMakeCCompilerABI.c.obj
	C:\PROGRA~2\MICROS~3\2017\COMMUN~1\VC\Tools\MSVC\1412~1.258\bin\Hostx86\x86\cl.exe @C:\Users\parke\AppData\Local\Temp\nmE100.tmp
CMakeCCompilerABI.c
Linking C executable cmTC_52831.exe
	C:\Users\parke\AppData\Local\JetBrains\Toolbox\apps\CLion\ch-0\183.5429.37\bin\cmake\win\bin\cmake.exe -E vs_link_exe --intdir=CMakeFiles\cmTC_52831.dir --manifests  -- C:\PROGRA~2\MICROS~3\2017\COMMUN~1\VC\Tools\MSVC\1412~1.258\bin\Hostx86\x86\link.exe /nologo @CMakeFiles\cmTC_52831.dir\objects1.rsp @C:\Users\parke\AppData\Local\Temp\nmE19E.tmp




Detecting C [] compiler features compiled with the following output:
Change Dir: C:/Users/parke/OneDrive/Documents/GitHub/BinaryTree/cmake-build-debug/CMakeFiles/CMakeTmp

Run Build Command:"nmake" "/nologo" "cmTC_b2e16\fast"
	"C:\Program Files (x86)\Microsoft Visual Studio\2017\Community\VC\Tools\MSVC\14.12.25827\bin\HostX86\x86\nmake.exe" -f CMakeFiles\cmTC_b2e16.dir\build.make /nologo -L                  CMakeFiles\cmTC_b2e16.dir\build
Building C object CMakeFiles/cmTC_b2e16.dir/feature_tests.c.obj
	C:\PROGRA~2\MICROS~3\2017\COMMUN~1\VC\Tools\MSVC\1412~1.258\bin\Hostx86\x86\cl.exe @C:\Users\parke\AppData\Local\Temp\nmE640.tmp
feature_tests.c
Linking C executable cmTC_b2e16.exe
	C:\Users\parke\AppData\Local\JetBrains\Toolbox\apps\CLion\ch-0\183.5429.37\bin\cmake\win\bin\cmake.exe -E vs_link_exe --intdir=CMakeFiles\cmTC_b2e16.dir --manifests  -- C:\PROGRA~2\MICROS~3\2017\COMMUN~1\VC\Tools\MSVC\1412~1.258\bin\Hostx86\x86\link.exe /nologo @CMakeFiles\cmTC_b2e16.dir\objects1.rsp @C:\Users\parke\AppData\Local\Temp\nmE6BE.tmp


    Feature record: C_FEATURE:1c_function_prototypes
    Feature record: C_FEATURE:1c_variadic_macros
